<?xml version="1.0" encoding="UTF-8"?>
<testsuite xmlns:xsi="http://www.w3.org/2001/XMLSchema-instance" xsi:noNamespaceSchemaLocation="https://maven.apache.org/surefire/maven-surefire-plugin/xsd/surefire-test-report-3.0.xsd" version="3.0" name="com.pwr.project.ProjectApplicationTests" time="8.41" tests="1" errors="0" skipped="0" failures="0">
  <properties>
[...]
</properties>
  <testcase name="contextLoads" classname="com.pwr.project.ProjectApplicationTests" time="0.68">
    <system-out><![CDATA[15:47:28.772 [main] INFO org.springframework.test.context.support.AnnotationConfigContextLoaderUtils -- Could not detect default configuration classes for test class [com.pwr.project.ProjectApplicationTests]: ProjectApplicationTests does not declare any static, non-private, non-final, nested classes annotated with @Configuration.
15:47:28.892 [main] INFO org.springframework.boot.test.context.SpringBootTestContextBootstrapper -- Found @SpringBootConfiguration com.pwr.project.ProjectApplication for test class com.pwr.project.ProjectApplicationTests
15:47:29.046 [main] INFO org.springframework.boot.devtools.restart.RestartApplicationListener -- Restart disabled due to context in which it is running

  .   ____          _            __ _ _
 /\\ / ___'_ __ _ _(_)_ __  __ _ \ \ \ \
( ( )\___ | '_ | '_| | '_ \/ _` | \ \ \ \
 \\/  ___)| |_)| | | | | || (_| |  ) ) ) )
  '  |____| .__|_| |_|_| |_\__, | / / / /
 =========|_|==============|___/=/_/_/_/
 :: Spring Boot ::                (v3.2.5)

2024-11-22T15:47:29.277+01:00  INFO 2879914 --- [project] [           main] c.pwr.project.ProjectApplicationTests    : Starting ProjectApplicationTests using Java 17.0.13 with PID 2879914 (started by chojnar1 in /home/chojnar1/Desktop/personal/tutoring/adam/ZRCwAW/backend)
2024-11-22T15:47:29.278+01:00 DEBUG 2879914 --- [project] [           main] c.pwr.project.ProjectApplicationTests    : Running with Spring Boot v3.2.5, Spring v6.1.6
2024-11-22T15:47:29.279+01:00  INFO 2879914 --- [project] [           main] c.pwr.project.ProjectApplicationTests    : No active profile set, falling back to 1 default profile: "default"
2024-11-22T15:47:29.325+01:00 TRACE 2879914 --- [project] [           main] o.s.w.c.s.GenericWebApplicationContext   : Refreshing org.springframework.web.context.support.GenericWebApplicationContext@402f80f5, started on Fri Nov 22 15:47:29 CET 2024
2024-11-22T15:47:30.361+01:00  INFO 2879914 --- [project] [           main] .s.d.r.c.RepositoryConfigurationDelegate : Bootstrapping Spring Data JPA repositories in DEFAULT mode.
2024-11-22T15:47:30.560+01:00  INFO 2879914 --- [project] [           main] .s.d.r.c.RepositoryConfigurationDelegate : Finished Spring Data repository scanning in 189 ms. Found 4 JPA repository interfaces.
2024-11-22T15:47:31.093+01:00  WARN 2879914 --- [project] [           main] trationDelegate$BeanPostProcessorChecker : Bean 'org.springframework.ws.config.annotation.DelegatingWsConfiguration' of type [org.springframework.ws.config.annotation.DelegatingWsConfiguration$$SpringCGLIB$$0] is not eligible for getting processed by all BeanPostProcessors (for example: not eligible for auto-proxying). The currently created BeanPostProcessor [annotationActionEndpointMapping] is declared through a non-static factory method on that class; consider declaring it as static instead.
2024-11-22T15:47:31.127+01:00  INFO 2879914 --- [project] [           main] .w.s.a.s.AnnotationActionEndpointMapping : Supporting [WS-Addressing August 2004, WS-Addressing 1.0]
2024-11-22T15:47:31.179+01:00 TRACE 2879914 --- [project] [           main] o.s.w.c.s.GenericWebApplicationContext   : No 'messageSource' bean, using [Empty MessageSource]
2024-11-22T15:47:31.180+01:00 TRACE 2879914 --- [project] [           main] o.s.w.c.s.GenericWebApplicationContext   : No 'applicationEventMulticaster' bean, using [SimpleApplicationEventMulticaster]
2024-11-22T15:47:31.276+01:00  INFO 2879914 --- [project] [           main] com.zaxxer.hikari.HikariDataSource       : HikariPool-1 - Starting...
2024-11-22T15:47:31.601+01:00  INFO 2879914 --- [project] [           main] com.zaxxer.hikari.pool.HikariPool        : HikariPool-1 - Added connection org.postgresql.jdbc.PgConnection@2aa6bbad
2024-11-22T15:47:31.604+01:00  INFO 2879914 --- [project] [           main] com.zaxxer.hikari.HikariDataSource       : HikariPool-1 - Start completed.
2024-11-22T15:47:31.718+01:00  INFO 2879914 --- [project] [           main] o.hibernate.jpa.internal.util.LogHelper  : HHH000204: Processing PersistenceUnitInfo [name: default]
2024-11-22T15:47:31.760+01:00  INFO 2879914 --- [project] [           main] org.hibernate.Version                    : HHH000412: Hibernate ORM core version 6.4.4.Final
2024-11-22T15:47:31.793+01:00  INFO 2879914 --- [project] [           main] o.h.c.internal.RegionFactoryInitiator    : HHH000026: Second-level cache disabled
2024-11-22T15:47:32.031+01:00  INFO 2879914 --- [project] [           main] o.s.o.j.p.SpringPersistenceUnitInfo      : No LoadTimeWeaver setup: ignoring JPA class transformer
2024-11-22T15:47:32.086+01:00  WARN 2879914 --- [project] [           main] org.hibernate.orm.deprecation            : HHH90000025: PostgreSQLDialect does not need to be specified explicitly using 'hibernate.dialect' (remove the property setting and it will be selected by default)
2024-11-22T15:47:33.210+01:00  INFO 2879914 --- [project] [           main] o.h.e.t.j.p.i.JtaPlatformInitiator       : HHH000489: No JTA platform available (set 'hibernate.transaction.jta.platform' to enable JTA platform integration)
2024-11-22T15:47:33.286+01:00  INFO 2879914 --- [project] [           main] j.LocalContainerEntityManagerFactoryBean : Initialized JPA EntityManagerFactory for persistence unit 'default'
2024-11-22T15:47:33.610+01:00 TRACE 2879914 --- [project] [           main] eGlobalAuthenticationAutowiredConfigurer : Eagerly initializing {authConfig=com.pwr.project.config.AuthConfig$$SpringCGLIB$$0@d91e8c7, securityConfig=com.pwr.project.config.SecurityConfig$$SpringCGLIB$$0@757ad227, cognitoConfig=com.pwr.project.config.auth.CognitoConfig$$SpringCGLIB$$0@f5314bc}
2024-11-22T15:47:34.164+01:00  INFO 2879914 --- [project] [           main] o.s.d.j.r.query.QueryEnhancerFactory     : Hibernate is in classpath; If applicable, HQL parser will be used.
2024-11-22T15:47:34.873+01:00  WARN 2879914 --- [project] [           main] JpaBaseConfiguration$JpaWebConfiguration : spring.jpa.open-in-view is enabled by default. Therefore, database queries may be performed during view rendering. Explicitly configure spring.jpa.open-in-view to disable this warning
2024-11-22T15:47:35.104+01:00 TRACE 2879914 --- [project] [           main] s.w.s.m.m.a.RequestMappingHandlerMapping : 
	c.p.p.c.AuthController:
	{POST [/api/auth/register]}: register(RegisterDTO)
	{POST [/api/auth/login]}: login(LoginDTO)
	{GET [/api/auth/current-user]}: getCurrentUser()
	{GET [/api/auth/users]}: getAllUsers()
2024-11-22T15:47:35.115+01:00 TRACE 2879914 --- [project] [           main] s.w.s.m.m.a.RequestMappingHandlerMapping : 
	c.p.p.c.ChatController:
	{GET [/api/chat/messages/{offerId}]}: getMessages(Long,String)
	{POST [/api/chat/messages/{offerId}]}: sendMessage(Long,MessageDTO)
	{GET [/api/chat/user-messages/{userId}]}: getUserMessages(String)
2024-11-22T15:47:35.125+01:00 TRACE 2879914 --- [project] [           main] s.w.s.m.m.a.RequestMappingHandlerMapping : 
	c.p.p.c.NoticeController:
	{POST [/api/notices]}: createNotice(NoticeDTO)
	{GET [/api/notices/{id}]}: getNoticeById(Long)
	{GET [/api/notices]}: getAllNotices()
	{PUT [/api/notices/{id}]}: updateNotice(Long,NoticeDTO)
	{DELETE [/api/notices/{id}]}: deleteNotice(Long)
	{GET [/api/notices/search]}: searchNotices(String)
	{POST [/api/notices/{noticeId}/files]}: addFilesToNotice(Long,List)
	{GET [/api/notices/{noticeId}/files]}: getAllFilesForNotice(Long)
	{GET [/api/notices/tags]}: populateTags()
2024-11-22T15:47:35.131+01:00 TRACE 2879914 --- [project] [           main] s.w.s.m.m.a.RequestMappingHandlerMapping : 
	c.p.p.c.UserController:
	{POST [/api/auth/sync-user]}: syncUser(User)
2024-11-22T15:47:35.136+01:00 TRACE 2879914 --- [project] [           main] s.w.s.m.m.a.RequestMappingHandlerMapping : 
	o.s.b.a.w.s.e.BasicErrorController:
	{ [/error]}: error(HttpServletRequest)
	{ [/error], produces [text/html]}: errorHtml(HttpServletRequest,HttpServletResponse)
2024-11-22T15:47:35.153+01:00 TRACE 2879914 --- [project] [           main] s.w.s.m.m.a.RequestMappingHandlerMapping : 
	o.s.w.a.OpenApiWebMvcResource:
	{GET [/v3/api-docs], produces [application/json]}: openapiJson(HttpServletRequest,String,Locale)
	{GET [/v3/api-docs.yaml], produces [application/vnd.oai.openapi]}: openapiYaml(HttpServletRequest,String,Locale)
2024-11-22T15:47:35.157+01:00 TRACE 2879914 --- [project] [           main] s.w.s.m.m.a.RequestMappingHandlerMapping : 
	o.s.w.u.SwaggerWelcomeWebMvc:
	{GET [/swagger-ui.html]}: redirectToUi(HttpServletRequest)
2024-11-22T15:47:35.158+01:00 TRACE 2879914 --- [project] [           main] s.w.s.m.m.a.RequestMappingHandlerMapping : 
	o.s.w.u.SwaggerConfigResource:
	{GET [/v3/api-docs/swagger-config], produces [application/json]}: openapiJson(HttpServletRequest)
2024-11-22T15:47:35.165+01:00 DEBUG 2879914 --- [project] [           main] s.w.s.m.m.a.RequestMappingHandlerMapping : 23 mappings in 'requestMappingHandlerMapping'
2024-11-22T15:47:35.174+01:00 DEBUG 2879914 --- [project] [           main] o.s.w.s.h.BeanNameUrlHandlerMapping      : Detected 0 mappings in 'beanNameHandlerMapping'
2024-11-22T15:47:35.232+01:00 TRACE 2879914 --- [project] [           main] o.s.w.s.f.support.RouterFunctionMapping  : 0 RouterFunction(s) in 'routerFunctionMapping'
2024-11-22T15:47:35.249+01:00 TRACE 2879914 --- [project] [           main] o.s.w.s.handler.SimpleUrlHandlerMapping  : Mapped [/webjars/**] onto ResourceHttpRequestHandler [classpath [META-INF/resources/webjars/]]
2024-11-22T15:47:35.249+01:00 TRACE 2879914 --- [project] [           main] o.s.w.s.handler.SimpleUrlHandlerMapping  : Mapped [/**] onto ResourceHttpRequestHandler [classpath [META-INF/resources/], classpath [resources/], classpath [static/], classpath [public/], ServletContext [/]]
2024-11-22T15:47:35.250+01:00 TRACE 2879914 --- [project] [           main] o.s.w.s.handler.SimpleUrlHandlerMapping  : Mapped [/swagger-ui*/*swagger-initializer.js] onto ResourceHttpRequestHandler [classpath [META-INF/resources/webjars/]]
2024-11-22T15:47:35.250+01:00 TRACE 2879914 --- [project] [           main] o.s.w.s.handler.SimpleUrlHandlerMapping  : Mapped [/swagger-ui*/**] onto ResourceHttpRequestHandler [classpath [META-INF/resources/webjars/]]
2024-11-22T15:47:35.251+01:00 DEBUG 2879914 --- [project] [           main] o.s.w.s.handler.SimpleUrlHandlerMapping  : Patterns [/webjars/**, /**, /swagger-ui*/*swagger-initializer.js, /swagger-ui*/**] in 'resourceHandlerMapping'
2024-11-22T15:47:35.295+01:00  INFO 2879914 --- [project] [           main] o.s.s.web.DefaultSecurityFilterChain     : Will secure any request with [org.springframework.security.web.session.DisableEncodeUrlFilter@67a6f2c4, org.springframework.security.web.context.request.async.WebAsyncManagerIntegrationFilter@6bac199f, org.springframework.security.web.context.SecurityContextHolderFilter@72a1ccad, org.springframework.security.web.authentication.logout.LogoutFilter@76b49d0, com.pwr.project.config.auth.SecurityFilter@3985175e, org.springframework.security.web.savedrequest.RequestCacheAwareFilter@24f6f6bf, org.springframework.security.web.servletapi.SecurityContextHolderAwareRequestFilter@255845b1, org.springframework.security.web.authentication.AnonymousAuthenticationFilter@2a47fb5d, org.springframework.security.web.session.SessionManagementFilter@7f49fa1d, org.springframework.security.web.access.ExceptionTranslationFilter@39bbe17c, org.springframework.security.web.access.intercept.AuthorizationFilter@688c914e]
2024-11-22T15:47:35.297+01:00  INFO 2879914 --- [project] [           main] com.pwr.project.config.SecurityConfig    : Configuring security filter chain
2024-11-22T15:47:35.306+01:00  INFO 2879914 --- [project] [           main] o.s.s.web.DefaultSecurityFilterChain     : Will secure any request with [org.springframework.security.web.session.DisableEncodeUrlFilter@219aab91, org.springframework.security.web.context.request.async.WebAsyncManagerIntegrationFilter@71737478, org.springframework.security.web.context.SecurityContextHolderFilter@ecd3a9b, org.springframework.security.web.header.HeaderWriterFilter@2700609f, org.springframework.web.filter.CorsFilter@64001530, org.springframework.security.web.authentication.logout.LogoutFilter@354d5692, org.springframework.security.web.savedrequest.RequestCacheAwareFilter@58d9cd6, org.springframework.security.web.servletapi.SecurityContextHolderAwareRequestFilter@21ad0060, org.springframework.security.web.authentication.AnonymousAuthenticationFilter@1f9b8c23, org.springframework.security.web.session.SessionManagementFilter@141cee26, org.springframework.security.web.access.ExceptionTranslationFilter@ae20523, org.springframework.security.web.access.intercept.AuthorizationFilter@54fd5f6]
2024-11-22T15:47:35.819+01:00 DEBUG 2879914 --- [project] [           main] s.w.s.m.m.a.RequestMappingHandlerAdapter : ControllerAdvice beans: 0 @ModelAttribute, 0 @InitBinder, 1 RequestBodyAdvice, 1 ResponseBodyAdvice
2024-11-22T15:47:35.877+01:00 DEBUG 2879914 --- [project] [           main] .m.m.a.ExceptionHandlerExceptionResolver : ControllerAdvice beans: 1 @ExceptionHandler, 1 ResponseBodyAdvice
2024-11-22T15:47:36.248+01:00 TRACE 2879914 --- [project] [           main] o.s.w.c.s.GenericWebApplicationContext   : Using LifecycleProcessor [org.springframework.context.support.DefaultLifecycleProcessor@13b6f82d]
2024-11-22T15:47:36.283+01:00  INFO 2879914 --- [project] [           main] c.pwr.project.ProjectApplicationTests    : Started ProjectApplicationTests in 7.246 seconds (process running for 8.297)
]]></system-out>
  </testcase>
</testsuite>